\BOOKMARK [0][-]{section*.1}{\376\377\000A\000b\000s\000t\000r\000a\000c\000t}{}% 1
\BOOKMARK [0][-]{chapter.3}{\376\377\000R\000e\000t\000i\000\040\000N\000e\000u\000r\000a\000l\000i\000\040\000A\000r\000t\000i\000f\000i\000c\000i\000a\000l\000i\000:\000\040\000l\000e\000\040\000b\000a\000s\000i}{}% 2
\BOOKMARK [1][-]{section.4}{\376\377\000B\000r\000e\000v\000e\000\040\000i\000n\000t\000r\000o\000d\000u\000z\000i\000o\000n\000e}{chapter.3}% 3
\BOOKMARK [1][-]{section.9}{\376\377\000M\000u\000l\000t\000i\000-\000l\000a\000y\000e\000r\000\040\000P\000e\000r\000c\000e\000p\000t\000r\000o\000n}{chapter.3}% 4
\BOOKMARK [2][-]{subsection.11}{\376\377\000S\000t\000r\000a\000t\000i\000\040\000N\000a\000s\000c\000o\000s\000t\000i}{section.9}% 5
\BOOKMARK [1][-]{section.12}{\376\377\000C\000a\000s\000o\000\040\000d\000i\000\040\000s\000t\000u\000d\000i\000o\000:\000\040\000p\000r\000e\000v\000e\000d\000e\000r\000e\000\040\000i\000l\000\040\000p\000r\000o\000f\000i\000t\000t\000o\000\040\000d\000i\000\040\000u\000n\000\040\000r\000i\000s\000t\000o\000r\000a\000n\000t\000e}{chapter.3}% 6
\BOOKMARK [0][-]{chapter.15}{\376\377\000I\000m\000p\000l\000e\000m\000e\000n\000t\000a\000z\000i\000o\000n\000e\000\040\000d\000i\000\040\000u\000n\000\040\000M\000L\000P}{}% 7
\BOOKMARK [1][-]{section.16}{\376\377\000D\000a\000t\000a\000s\000e\000t\000\040\000e\000\040\000A\000r\000c\000h\000i\000t\000e\000t\000t\000u\000r\000a}{chapter.15}% 8
\BOOKMARK [1][-]{section.44}{\376\377\000F\000o\000r\000w\000a\000r\000d\000\040\000P\000r\000o\000p\000a\000g\000a\000t\000i\000o\000n}{chapter.15}% 9
\BOOKMARK [1][-]{section.65}{\376\377\000B\000a\000c\000k\000p\000r\000o\000p\000a\000g\000a\000t\000i\000o\000n}{chapter.15}% 10
\BOOKMARK [1][-]{section.102}{\376\377\000V\000e\000r\000i\000f\000i\000c\000a\000\040\000n\000u\000m\000e\000r\000i\000c\000a\000\040\000d\000e\000l\000\040\000g\000r\000a\000d\000i\000e\000n\000t\000e}{chapter.15}% 11
\BOOKMARK [1][-]{section.150}{\376\377\000A\000d\000d\000e\000s\000t\000r\000a\000m\000e\000n\000t\000o}{chapter.15}% 12
\BOOKMARK [2][-]{subsection.151}{\376\377\000A\000p\000p\000r\000e\000n\000d\000i\000m\000e\000n\000t\000o\000\040\000s\000u\000p\000e\000r\000v\000i\000s\000i\000o\000n\000a\000t\000o}{section.150}% 13
\BOOKMARK [2][-]{subsection.155}{\376\377\000D\000i\000s\000c\000e\000s\000a\000\040\000d\000e\000l\000\040\000g\000r\000a\000d\000i\000e\000n\000t\000e}{section.150}% 14
\BOOKMARK [1][-]{section.157}{\376\377\000O\000t\000t\000i\000m\000i\000z\000z\000a\000z\000i\000o\000n\000e\000:\000\040\000d\000i\000v\000e\000r\000s\000e\000\040\000t\000e\000c\000n\000i\000c\000h\000e}{chapter.15}% 15
\BOOKMARK [1][-]{section.193}{\376\377\000O\000v\000e\000r\000f\000i\000t\000t\000i\000n\000g}{chapter.15}% 16
\BOOKMARK [2][-]{subsection.195}{\376\377\000R\000i\000l\000e\000v\000a\000r\000e\000\040\000l\000'\000o\000v\000e\000r\000f\000i\000t\000t\000i\000n\000g}{section.193}% 17
\BOOKMARK [2][-]{subsection.240}{\376\377\000C\000o\000n\000t\000r\000o\000m\000i\000s\000u\000r\000e}{section.193}% 18
\BOOKMARK [1][-]{section.283}{\376\377\000R\000i\000s\000u\000l\000t\000a\000t\000i}{chapter.15}% 19
\BOOKMARK [0][-]{chapter.284}{\376\377\000R\000e\000t\000i\000\040\000N\000e\000u\000r\000a\000l\000i\000\040\000C\000o\000n\000v\000o\000l\000u\000z\000i\000o\000n\000a\000l\000i}{}% 20
\BOOKMARK [1][-]{section.285}{\376\377\000B\000r\000e\000v\000e\000\040\000i\000n\000t\000r\000o\000d\000u\000z\000i\000o\000n\000e}{chapter.284}% 21
\BOOKMARK [1][-]{section.286}{\376\377\000A\000r\000c\000h\000i\000t\000e\000t\000t\000u\000r\000a}{chapter.284}% 22
\BOOKMARK [2][-]{subsection.289}{\376\377\000S\000t\000r\000a\000t\000o\000\040\000d\000i\000\040\000C\000o\000n\000v\000o\000l\000u\000z\000i\000o\000n\000e}{section.286}% 23
\BOOKMARK [2][-]{subsection.296}{\376\377\000S\000t\000r\000a\000t\000o\000\040\000d\000i\000\040\000R\000e\000L\000U}{section.286}% 24
\BOOKMARK [2][-]{subsection.299}{\376\377\000S\000t\000r\000a\000t\000o\000\040\000d\000i\000\040\000P\000o\000o\000l\000i\000n\000g}{section.286}% 25
\BOOKMARK [2][-]{subsection.301}{\376\377\000S\000t\000r\000a\000t\000o\000\040\000c\000o\000m\000p\000l\000e\000t\000a\000m\000e\000n\000t\000e\000\040\000c\000o\000n\000n\000e\000s\000s\000o\000\040\000\050\000F\000C\000\051}{section.286}% 26
\BOOKMARK [1][-]{section.304}{\376\377\000A\000p\000p\000l\000i\000c\000a\000z\000i\000o\000n\000i\000\040\000e\000\040\000r\000i\000s\000u\000l\000t\000a\000t\000i}{chapter.284}% 27
\BOOKMARK [2][-]{subsection.305}{\376\377\000C\000o\000n\000f\000r\000o\000n\000t\000o\000\040\000c\000o\000n\000\040\000l\000'\000u\000o\000m\000o}{section.304}% 28
\BOOKMARK [0][-]{chapter.306}{\376\377\000C\000N\000N\000:\000\040\000i\000m\000p\000l\000e\000m\000e\000n\000t\000a\000z\000i\000o\000n\000e\000\040\000e\000\040\000a\000d\000d\000e\000s\000t\000r\000a\000m\000e\000n\000t\000o}{}% 29
\BOOKMARK [1][-]{section.307}{\376\377\000M\000o\000d\000e\000l\000l\000o\000\040\000d\000i\000\040\000C\000N\000N\000\040\000b\000a\000s\000a\000t\000o\000\040\000s\000u\000\040\000L\000e\000N\000e\000t}{chapter.306}% 30
\BOOKMARK [2][-]{subsection.351}{\376\377\000D\000e\000f\000i\000n\000i\000r\000e\000\040\000l\000a\000\040\000l\000o\000s\000s\000\040\000f\000u\000n\000c\000t\000i\000o\000n}{section.307}% 31
\BOOKMARK [1][-]{section.358}{\376\377\000P\000r\000o\000c\000e\000d\000u\000r\000a\000\040\000d\000i\000\040\000t\000r\000a\000i\000n\000i\000n\000g}{chapter.306}% 32
\BOOKMARK [1][-]{section.427}{\376\377\000M\000N\000I\000S\000T\000:\000\040\000p\000r\000e\000p\000r\000o\000c\000e\000s\000s\000i\000n\000g}{chapter.306}% 33
\BOOKMARK [1][-]{section.428}{\376\377\000M\000N\000I\000S\000T\000:\000\040\000a\000d\000d\000e\000s\000t\000r\000a\000m\000e\000n\000t\000o}{chapter.306}% 34
\BOOKMARK [1][-]{section.431}{\376\377\000C\000I\000F\000A\000R\000:\000\040\000p\000r\000e\000p\000r\000o\000c\000e\000s\000s\000i\000n\000g}{chapter.306}% 35
\BOOKMARK [1][-]{section.481}{\376\377\000C\000I\000F\000A\000R\000:\000\040\000a\000d\000d\000e\000s\000t\000r\000a\000m\000e\000n\000t\000o}{chapter.306}% 36
\BOOKMARK [0][-]{chapter.486}{\376\377\000A\000d\000d\000e\000s\000t\000r\000a\000r\000e\000\040\000u\000n\000\040\000m\000o\000d\000e\000l\000l\000o\000\040\000a\000l\000l\000o\000\040\000s\000t\000a\000t\000o\000\040\000d\000e\000l\000l\000'\000a\000r\000t\000e}{}% 37
\BOOKMARK [1][-]{section.487}{\376\377\000D\000e\000e\000p\000\040\000R\000e\000s\000i\000d\000u\000a\000l\000\040\000N\000e\000t\000w\000o\000r\000k}{chapter.486}% 38
\BOOKMARK [1][-]{section.493}{\376\377\000I\000m\000p\000l\000e\000m\000e\000n\000t\000a\000z\000i\000o\000n\000e\000\040\000d\000i\000\040\000R\000e\000s\000N\000e\000t\000\040\000d\000i\000\040\000F\000a\000c\000e\000b\000o\000o\000k}{chapter.486}% 39
\BOOKMARK [1][-]{section.536}{\376\377\000A\000d\000d\000e\000s\000t\000r\000a\000m\000e\000n\000t\000o\000\040\000s\000u\000\040\000C\000I\000F\000A\000R}{chapter.486}% 40
\BOOKMARK [1][-]{section.539}{\376\377\000L\000e\000N\000e\000t\000\040\000v\000s\000\040\000R\000e\000s\000N\000e\000t\000:\000\040\000c\000o\000n\000f\000r\000o\000n\000t\000o}{chapter.486}% 41
\BOOKMARK [0][-]{chapter.540}{\376\377\000C\000a\000s\000o\000\040\000d\000'\000u\000s\000o\000:\000\040\000f\000i\000n\000e\000-\000t\000u\000n\000i\000n\000g\000\040\000s\000u\000\040\000d\000a\000t\000a\000s\000e\000t\000\040\000a\000r\000b\000i\000t\000r\000a\000r\000i\000o}{}% 42
\BOOKMARK [1][-]{section.541}{\376\377\000I\000l\000\040\000p\000r\000o\000b\000l\000e\000m\000a}{chapter.540}% 43
\BOOKMARK [1][-]{section.545}{\376\377\000T\000r\000a\000n\000s\000f\000e\000r\000\040\000L\000e\000a\000r\000n\000i\000n\000g}{chapter.540}% 44
\BOOKMARK [2][-]{subsection.546}{\376\377\000F\000i\000n\000e\000-\000t\000u\000n\000i\000n\000g}{section.545}% 45
\BOOKMARK [1][-]{section.551}{\376\377\000D\000a\000t\000a\000s\000e\000t}{chapter.540}% 46
\BOOKMARK [1][-]{section.588}{\376\377\000F\000i\000n\000e\000-\000t\000u\000n\000i\000n\000g\000\040\000s\000u\000\040\000R\000e\000s\000n\000e\000t}{chapter.540}% 47
\BOOKMARK [2][-]{subsection.589}{\376\377\000T\000r\000a\000i\000n\000i\000n\000g}{section.588}% 48
\BOOKMARK [2][-]{subsection.650}{\376\377\000T\000e\000s\000t\000i\000n\000g}{section.588}% 49
\BOOKMARK [0][-]{chapter.685}{\376\377\000C\000o\000n\000c\000l\000u\000s\000i\000o\000n\000i}{}% 50
\BOOKMARK [0][-]{appendix.686}{\376\377\000M\000L\000P\000:\000\040\000C\000o\000d\000i\000c\000e\000\040\000a\000d\000d\000i\000z\000i\000o\000n\000a\000l\000e}{}% 51
\BOOKMARK [1][-]{section.687}{\376\377\000C\000l\000a\000s\000s\000i\000\040\000i\000n\000\040\000L\000u\000a}{appendix.686}% 52
\BOOKMARK [1][-]{section.734}{\376\377\000L\000a\000\040\000c\000l\000a\000s\000s\000e\000\040\000N\000e\000u\000r\000a\000l\000\137\000N\000e\000t\000w\000o\000r\000k}{appendix.686}% 53
\BOOKMARK [1][-]{section.786}{\376\377\000M\000e\000t\000o\000d\000i\000\040\000g\000e\000t\000t\000e\000r\000\040\000e\000\040\000s\000e\000t\000t\000e\000r}{appendix.686}% 54
\BOOKMARK [0][-]{appendix.809}{\376\377\000I\000l\000\040\000f\000r\000a\000m\000e\000w\000o\000r\000k\000\040\000T\000o\000r\000c\000h}{}% 55
\BOOKMARK [1][-]{section.810}{\376\377\000I\000n\000t\000r\000o\000d\000u\000z\000i\000o\000n\000e}{appendix.809}% 56
\BOOKMARK [1][-]{section.812}{\376\377\000U\000t\000i\000l\000i\000z\000z\000o\000\040\000b\000a\000s\000e\000\040\000p\000e\000r\000\040\000r\000e\000t\000i\000\040\000n\000e\000u\000r\000a\000l\000i}{appendix.809}% 57
\BOOKMARK [2][-]{subsection.844}{\376\377\000S\000u\000p\000p\000o\000r\000t\000o\000\040\000C\000U\000D\000A}{section.812}% 58
\BOOKMARK [1][-]{section.859}{\376\377\000R\000e\000s\000N\000e\000t}{appendix.809}% 59
